<?xml version="1.0" encoding="UTF-8"?>
<testng-results skipped="0" failed="0" ignored="0" total="1" passed="1">
  <reporter-output>
    <line>
      <![CDATA[<b>テスト</b>]]>
    </line>
  </reporter-output>
  <suite name="PrototypeTestSuite" duration-ms="8949" started-at="2018-07-02T15:51:19Z" finished-at="2018-07-02T15:51:28Z">
    <groups>
    </groups>
    <test name="PrototypeTestCases" duration-ms="8949" started-at="2018-07-02T15:51:19Z" finished-at="2018-07-02T15:51:28Z">
      <class name="prototype.regression.PrototypeTest">
        <test-method status="PASS" signature="setUp()[pri:0, instance:prototype.regression.PrototypeTest@4bec1f0c]" name="setUp" is-config="true" duration-ms="2948" started-at="2018-07-02T15:51:19Z" finished-at="2018-07-02T15:51:22Z">
          <reporter-output>
          </reporter-output>
        </test-method> <!-- setUp -->
        <test-method status="PASS" signature="helloWorldTest()[pri:0, instance:prototype.regression.PrototypeTest@4bec1f0c]" name="helloWorldTest" duration-ms="4282" started-at="2018-07-02T15:51:22Z" finished-at="2018-07-02T15:51:26Z">
          <reporter-output>
            <line>
              <![CDATA[<b>テスト</b>]]>
            </line>
          </reporter-output>
        </test-method> <!-- helloWorldTest -->
        <test-method status="PASS" signature="tearDown()[pri:0, instance:prototype.regression.PrototypeTest@4bec1f0c]" name="tearDown" is-config="true" duration-ms="1690" started-at="2018-07-02T15:51:26Z" finished-at="2018-07-02T15:51:28Z">
          <reporter-output>
          </reporter-output>
        </test-method> <!-- tearDown -->
      </class> <!-- prototype.regression.PrototypeTest -->
    </test> <!-- PrototypeTestCases -->
  </suite> <!-- PrototypeTestSuite -->
</testng-results>
